from numpy import array

try:
    import cPickle as pickle

except: #workaround for python3.X
    import _pickle as pickle


from mpmath import mpf 

parser = None

scaler = 'ThermodynamicScaler'

thermodynamics = 'ThermoCorrections'

solver = 'SteadyStateSolver'

mapper = 'MinResidMapper'

binary_data = pickle.load(open("data.pkl","rb"))

locals().update(binary_data)

A_uc = None

Upzc = 0.0

adsorbate_interaction_model = 'first_order'

adsorbate_names = ('CO_111', 'H_111')

adsorbate_thermo_mode = 'frozen_adsorbate'

analytical_jacobian = True

atomic_reservoir_list = [{'C': 'CO_g', 'O': 'H2O_g', 'H': 'H2_g'}, {'C': 'CO_g', 'O': 'H2O_g', 'H': 'OH_g'}, {'C': 'CO_g', 'O': 'OH_g', 'H': 'H2_g'}]

atoms_dict = {}

coverage_headers = ['coverage', 'coadsorbate_coverage']

cross_interaction_mode = 'geometric_mean'

data_file = 'data.pkl'

decimal_precision = 100

default_self_interaction_parameter = 0

descriptor_decimal_precision = 2

descriptor_names = ('voltage', 'pH')

descriptor_ranges = [[-1.7, -0.4], [4, 14]]

eCO = 2.467

eH = 0.0

eHCO = 0.7274

echem_transition_state_names = []

electrochemical_thermo_mode = 'surface_charge_density'

elementary_rxns = ([['CO_g', '111'], ['CO_111']], [['H2O_g', '111', 'ele_g'], ['H2O-ele_111'], ['H_111', 'OH_g']], [['H_111', 'H2O_g', 'ele_g'], ['H-H2O-ele_111'], ['H2_g', 'OH_g', '111']], [['H_111', 'H_111'], ['H-H_111'], ['H2_g', '111', '111']])

estimate_frequencies = True

extrapolate_coverages = False

extrapolated_potential = 0.0

fixed_entropy_dict = {'H2_g': 0.00135, 'other': 0.002}

force_recalculation = True

force_recompilation = False

frequency_dict = {'ele_g': [], 'CO_g': [], 'H2_g': [], 'H2O_g': [], 'OH_g': [], '111': [], 'CO_111': [], 'H_111': [], 'H-H_111': [], 'H-H2O-ele_111': [], 'H2O-ele_111': [], '*_111': [], 'g': [], '*_g': []}

frequency_surface_names = []

frequency_unit_conversion = 0.0001239842

gas_names = ('CO_g', 'H2O_g', 'H2_g', 'OH_g', 'ele_g')

gas_pressures = [1.0, 0.035, 0.0, 1.0, 1.0]

gas_thermo_mode = 'frozen_gas'

hbond_dict = {'COOH': -0.25, 'OCHO': 0.0, 'CO': -0.1, 'CHO': -0.1, 'CH2O': 0.0, 'CO2': 0.0, 'OCH3': 0.0, 'O': 0.0, 'OH': -0.5, 'H': 0.0, 'COH': -0.25, 'C': 0.0, 'CH': 0.0, 'CH2': 0.0, 'CH3': 0.0, 'CHOH': -0.25, 'COHOH': -0.25, 'OCH2O': 0.0, 'CH2OH': -0.25, 'OCHCH2': 0.0, 'OCHCHO': 0.0}

hindered_ads_params = {}

ideal_gas_params = {'H2_g': [2, 'linear', 0], 'N2_g': [2, 'linear', 0], 'O2_g': [2, 'linear', 1.0], 'H2O_g': [2, 'nonlinear', 0], 'CO_g': [1, 'linear', 0], 'CH4_g': [12, 'nonlinear', 0], 'NH3_g': [3, 'nonlinear', 0], 'N2O_g': [2, 'nonlinear', 0], 'NH2OH_g': [1, 'nonlinear', 0], 'NO_g': [2, 'linear', 0], 'CH3OH_g': [1, 'nonlinear', 0], 'CH4O2_g': [2, 'nonlinear', 0], 'CH3CH2OH_g': [1, 'nonlinear', 0], 'CO2_g': [2, 'linear', 0], 'CH2O_g': [2, 'nonlinear', 0], 'HCOOH_g': [1, 'nonlinear', 0], 'CH2CH2_g': [4, 'nonlinear', 0], 'CH3CHCH2_g': [1, 'nonlinear', 0], 'CH3CH2CHCH2_g': [1, 'nonlinear', 0], 'CH3CHCHCH3_g': [2, 'nonlinear', 0], 'CH3CH3CCH2_g': [2, 'nonlinear', 0], 'pe_g': [2, 'linear', 0], 'C2H2_g': [2, 'linear', 0], 'C2H4_g': [4, 'nonlinear', 0], 'C2H6_g': [6, 'nonlinear', 0], 'C3H6_g': [1, 'nonlinear', 0], 'CH3COOH_g': [1, 'nonlinear', 0], 'CH3CHO_g': [1, 'nonlinear', 0], 'C5H4O2_g': [1, 'nonlinear', 0], 'C5H6O2_g': [1, 'nonlinear', 0], 'C5H6O_g': [1, 'nonlinear', 0], 'HCl_g': [1, 'linear', 0], 'Cl2_g': [2, 'linear', 0]}

input_file = '../energy_input.txt'

input_overrides_fit = True

interaction_cross_term_names = ('CO_111&H_111',)

interaction_fitting_mode = None

interaction_parameters = [2.467, 0, 0.7274]

interaction_response_parameters = {'slope': 1, 'cutoff': 0.25, 'smoothing': 0.05}

interaction_strength = 1

interaction_surface_names = None

interaction_transition_state_scaling_matrix = [[0, 0.5], [0, 1.0], [0, 0.5]]

internally_constrain_coverages = True

kBT = mpf('0.025851997434000000000000000000000000000000000000000000000000000000000000000000000000000000000000000000000000000000000000000000003')

max_bisections = 3

max_initial_guesses = 3

max_rootfinding_iterations = 200

model_name = 'reactions'

numerical_delta_theta = None

numerical_representation = 'mpmath'

optimize_analytical_expressions = False

output_labels = {'coverage': ('CO_111', 'H_111'), 'rate': ([['CO_g', '111'], ['CO_111']], [['H2O_g', '111', 'ele_g'], ['H2O-ele_111'], ['H_111', 'OH_g']], [['H_111', 'H2O_g', 'ele_g'], ['H-H2O-ele_111'], ['H2_g', 'OH_g', '111']], [['H_111', 'H_111'], ['H-H_111'], ['H2_g', '111', '111']]), 'production_rate': ('CO_g', 'H2O_g', 'H2_g', 'OH_g', 'ele_g'), 'free_energy': ('CO_g', 'H2O_g', 'H2_g', 'OH_g', 'ele_g', 'CO_111', 'H_111', 'H-H2O-ele_111', 'H-H_111', 'H2O-ele_111')}

output_variables = ['coverage', 'rate', 'production_rate', 'free_energy', 'coverage']

pH = 4.0

parameter_mode = 'formation_energy'

parameter_names = ('CO_111', 'H_111', 'H-H2O-ele_111', 'H-H_111', 'H2O-ele_111')

parse_headers = ['formation_energy', 'frequencies']

perturbation_size = 1e-14

potential_reference_scale = 'SHE'

prefactor_list = ['10000000000000.0', '10000000000000.0', '10000000000000.0', '10000000000000.0']

pressure = 1.0

pressure_mode = 'static'

required_headers = ['species_name', 'surface_name', 'site_name', 'formation_energy', 'frequencies', 'reference']

residual_threshold = 0.9

resolution = [14, 11]

rxn_expressions = ['CO_g + *_111 <-> CO_111', 'H2O_g + *_111 + ele_g <-> H2O-ele_111 <-> H_111 + OH_g; beta=0.43516785821339593', 'H_111 + H2O_g + ele_g <-> H-H2O-ele_111 <-> H2_g + OH_g + *_111; beta=0.5231793731775273', 'H_111 + H_111 <-> H-H_111 <-> H2_g + 2*_111']

rxn_options_dict = {'prefactor': {}, 'beta': {1: '0.43516785821339593', 2: '0.5231793731775273'}}

search_directions = [[0, 0], [0, 1], [1, 0], [0, -1], [-1, 0], [-1, 1], [1, 1], [1, -1], [-1, -1]]

setup_file = 'reactions.mkm'

shomate_params = {'H2_g:298-1000': [33.066178, -11.363417, 11.432816, -2.772874, -0.158558, -9.980797, 172.707974, 0], 'H2_g:1000-2500': [18.563083, 12.257357, -2.859786, 0.268238, 1.97799, -1.147438, 156.288133, 0], 'H2_g:2500-6000': [43.41356, -4.293079, 1.272428, -0.096876, -20.533862, -38.515158, 162.081354, 0], 'CH4_g:298-1300': [-0.703029, 108.4773, -42.52157, 5.862788, 0.678565, -76.84376, 158.7163, -74.8731], 'CH4_g:1300-1600': [85.81217, 11.26467, -2.114146, 0.13819, -26.42221, -153.5327, 224.4143, -74.8731], 'CO_g:298-1300': [25.56759, 6.09613, 4.054656, -2.671201, 0.131021, -118.0089, 227.3665, -110.5271], 'CO_g:1300-1600': [35.1507, 1.300095, -0.205921, 0.01355, -3.28278, -127.8375, 231.712, -110.5271], 'H2O_g:100-500': [36.303952, -24.11232, 63.64111, -38.9524, -0.01385, -10.23966, 237.39431, 0.0], 'H2O_g:500-1700': [30.092, 6.832514, 6.793435, -2.53448, 0.082139, -250.881, 223.3967, -241.8264], 'H2O_g:1700-6000': [41.96426, 8.622053, -1.49978, 0.098119, -11.15764, -272.1797, 219.7809, -241.8264], 'CO2_g:298-1200': [24.99735, 55.18696, -33.69137, 7.948387, -0.136638, -403.6075, 228.2431, -393.5224], 'CO2_g:1200-6000': [58.16639, 2.720075, -0.492289, 0.038844, -6.447293, -425.9186, 263.6125, -393.5224], 'O2_g:100-700': [31.32234, -20.23531, 57.8664, -36.50624, -0.007374, -8.903471, 246.7945, 0.0], 'O2_g:700-2000': [30.03235, 8.772972, -3.988133, 0.788313, -0.741599, -11.32468, 236.1663, 0.0], 'O2_g:2000-6000': [20.91111, 10.72071, -2.020498, 0.146449, 9.245722, 5.337651, 237.6185, 0.0], 'NH3_g:298-1400': [19.99563, 49.77119, -15.37599, 1.921168, 0.189174, -53.30667, 203.8591, -45.89806], 'N2_g:100-500': [28.98641, 1.853978, -9.647459, 16.63537, 0.000117, -8.671914, 226.4168, 0.0], 'N2_g:500-2000': [19.50583, 19.88705, -8.598535, 1.369784, 0.527601, -4.935202, 212.39, 0.0], 'N2O_g:298-1400': [27.67988, 51.14898, -30.64454, 6.847911, -0.157906, 71.24934, 238.6164, 82.04824], 'NO2_g:298-1200': [16.10857, 75.89525, -54.3874, 14.30777, 0.239423, 26.17464, 240.5386, 33.09502], 'NO_g:298-1200': [23.83491, 12.58878, -1.139011, -1.497459, 0.214194, 83.35783, 237.1219, 90.29114], 'NO3_g:298-1200': [11.22316, 166.3889, -148.4458, 47.40598, -0.176791, 61.00858, 221.7679, 71.128], 'HNO2_g:298-1200': [24.89974, 91.37563, -64.84614, 17.92007, -0.134737, -88.13596, 254.2671, -76.73498], 'HNO3_g:298-1200': [19.63229, 153.9599, -115.8378, 32.87955, -0.249114, -146.8818, 247.7049, -134.306], 'HCN_g:298-1200': [32.69373, 22.59205, -4.369142, -0.407697, -0.282399, 123.4811, 233.2597, 135.1432], 'CH2CH2_g:298-1200': [-6.38788, 184.4019, -112.9718, 28.49593, 0.31554, 48.17332, 163.1568, 52.46694], 'CH2O_g:298-1500': [5.193767, 93.23249, -44.85457, 7.882279, 0.551175, -119.3591, 202.4663, -115.8972], 'CH3OH_g:298-1500': [-1.0845814245433651, 153.2463565199489, -79.53050359618254, 16.47130239316011, 0.5220334601533215, -4.897417024069, 199.1893745506112, 0.0], 'C5H4O2_g:100-1500': [-16.36694, 0.46958, -0.000331925, 8.50912e-08, 198590.9145, -1661.34999, -15.68938, 12461.34999], 'C5H6O2_g:100-1500': [-18.57626, 0.50733, -0.000335824, 8.28263e-08, 231619.2141, -6357.53523, 2.75692, 7057.53523], 'C5H6O_g:50-1500': [1.26847, 0.35388, -0.000173962, 2.87427e-08, 48401.71207, -5691.94893, -85.38991, 7191.94893], 'Cl2_g:298-1000': [33.0506, 12.2294, -12.0651, 4.38533, -0.159494, -10.8348, 259.029, 0.0], 'HCl_g:298-1200': [32.12392, -13.45805, 19.86852, -6.853936, -0.049672, -101.6206, 228.6866, -92.31201], 'CH3CH2OH_g:298-1500': [-4.7367880805894265, 271.96181550301463, -169.34946529216657, 43.73860153608533, 0.24643430702178773, -9.828280829187861, 203.3325622617075, 0.0], 'CH3CHO_g:298-1500': [4.8037386340099095, 185.92002366990326, -99.1084610902012, 20.61473919069016, 0.2770802548558646, -8.566600040790945, 220.00244674443837, 0.0], 'HCOOH_g:298-1500': [3.802752304225226, 153.66217894746168, -84.64046773816926, 16.297377707561505, 0.2772064997263338, -6.16527, 212.9698972559699, 0]}

sigma_input = ['CH', 1]

site_names = ('111', 'g')

species_definitions = {'ele_g': {'name': 'ele', 'site': 'g', 'type': 'gas', 'n_sites': 0, 'composition': {}, 'pressure': 1.0, 'frequencies': [], 'formation_energy_source': 'Generated by CatMAP', 'formation_energy': 0.0}, 'CO_g': {'name': 'CO', 'site': 'g', 'type': 'gas', 'n_sites': 0, 'composition': {'C': 1, 'O': 1}, 'pressure': 1.0, 'formation_energy': 0.0, 'formation_energy_source': 'GK calc', 'frequencies': []}, 'H2_g': {'name': 'H2', 'site': 'g', 'type': 'gas', 'n_sites': 0, 'composition': {'H': 2}, 'pressure': 0.0, 'formation_energy': 0.0, 'formation_energy_source': 'GK calc', 'frequencies': []}, 'H2O_g': {'name': 'H2O', 'site': 'g', 'type': 'gas', 'n_sites': 0, 'composition': {'H': 2, 'O': 1}, 'pressure': 0.035, 'formation_energy': 0.0, 'formation_energy_source': 'GK_calc', 'frequencies': []}, 'OH_g': {'name': 'OH', 'site': 'g', 'type': 'gas', 'n_sites': 0, 'composition': {'H': 1, 'O': 1}, 'pressure': 1.0, 'frequencies': [], 'formation_energy_source': 'Generated by CatMAP', 'formation_energy': 0.0}, '111': {'name': '111', 'site': '111', 'type': 'site', 'formation_energy': 0, 'n_sites': 1, 'composition': {}, 'site_names': ['111'], 'total': 1.0, 'interaction_response_parameters': {'cutoff': 0.25, 'smoothing': 0.05}, 'frequencies': []}, 'CO_111': {'name': 'CO', 'site': '111', 'type': 'adsorbate', 'n_sites': 1, 'composition': {'C': 1, 'O': 1}, 'self_interaction_parameter': [2.467], 'cross_interaction_parameters': {'H_111': [0.7274]}, 'sigma_params': [0.059781858280483484, -0.7938748555908866], 'formation_energy': [0.335671], 'formation_energy_source': ['beta=(0.1523670746611968, -0.8585293405548797)'], 'frequencies': []}, 'H_111': {'name': 'H', 'site': '111', 'type': 'adsorbate', 'n_sites': 1, 'composition': {'H': 1}, 'sigma_params': [-0.01729025402247683, 0.1812203293516176], 'formation_energy': [0.197099], 'formation_energy_source': ['beta=(0.00105005948699, 0.028759896948697555)'], 'frequencies': []}, 'H-H_111': {'name': 'H-H', 'site': '111', 'type': 'transition_state', 'n_sites': 2, 'composition': {'H': 2}, 'formation_energy': [1.216613], 'formation_energy_source': ['beta=(-0.03915634768781768, 1.137797916603344) H_to_H2_chemical 983j'], 'frequencies': []}, 'H-H2O-ele_111': {'name': 'H-H2O-ele', 'site': '111', 'type': 'transition_state', 'n_sites': 1, 'composition': {'H': 3, 'O': 1}, 'formation_energy': [1.336463], 'formation_energy_source': ['beta=(0.4313787849896049, -0.49380413291375225) H_to_H2_base 682j'], 'frequencies': []}, 'H2O-ele_111': {'name': 'H2O-ele', 'site': '111', 'type': 'transition_state', 'n_sites': 1, 'composition': {'H': 2, 'O': 1}, 'formation_energy': [1.428792], 'formation_energy_source': ['beta=(0.42359926075241655, -0.11802607677867906) clean_to_H_base 809j'], 'frequencies': []}, '*_111': {'name': '111', 'site': '111', 'type': 'site', 'formation_energy': 0, 'n_sites': 1, 'composition': {}, 'site_names': ['111'], 'total': 1.0, 'interaction_response_parameters': {'cutoff': 0.25, 'smoothing': 0.05}, 'frequencies': []}, 'g': {'name': 'g', 'site': 'g', 'type': 'site', 'formation_energy': 0, 'n_sites': 0, 'site_names': ['gas'], 'total': 0, 'composition': {}, 'frequencies': []}, '*_g': {'name': 'g', 'site': 'g', 'type': 'site', 'formation_energy': 0, 'n_sites': 0, 'site_names': ['gas'], 'total': 0, 'composition': {}, 'frequencies': []}}

standard_coadsorbate_coverage = 'min'

standard_coverage = 'min'

surface_names = ('Cu',)

temperature = 300.0

thermodynamic_corrections = ['gas', 'adsorbate', 'electrochemical']

thermodynamic_variables = ['temperature', 'gas_pressures', 'voltage', 'beta', 'pH', 'Upzc', 'gas_thermo_mode', 'adsorbate_thermo_mode']

tolerance = 1e-25

transition_state_cross_interaction_mode = 'intermediate_state'

transition_state_names = ('H-H2O-ele_111', 'H-H_111', 'H2O-ele_111')

verbose = 1

voltage = -1.7

voltage_diff_drop = 0.0

stdout = """initial_evaluation: success - initial guess at point [-0.40,14.00]
initial_evaluation: success - initial guess at point [-0.40,13.00]
initial_evaluation: success - initial guess at point [-0.40,12.00]
initial_evaluation: success - initial guess at point [-0.40,11.00]
initial_evaluation: success - initial guess at point [-0.40,10.00]
initial_evaluation: success - initial guess at point [-0.40, 9.00]
initial_evaluation: success - initial guess at point [-0.40, 8.00]
initial_evaluation: success - initial guess at point [-0.40, 7.00]
initial_evaluation: success - initial guess at point [-0.40, 6.00]
initial_evaluation: success - initial guess at point [-0.40, 5.00]
initial_evaluation: success - initial guess at point [-0.40, 4.00]
initial_evaluation: success - initial guess at point [-0.50,14.00]
initial_evaluation: success - initial guess at point [-0.50,13.00]
initial_evaluation: success - initial guess at point [-0.50,12.00]
initial_evaluation: success - initial guess at point [-0.50,11.00]
initial_evaluation: success - initial guess at point [-0.50,10.00]
initial_evaluation: success - initial guess at point [-0.50, 9.00]
initial_evaluation: success - initial guess at point [-0.50, 8.00]
initial_evaluation: success - initial guess at point [-0.50, 7.00]
initial_evaluation: success - initial guess at point [-0.50, 6.00]
initial_evaluation: success - initial guess at point [-0.50, 5.00]
initial_evaluation: success - initial guess at point [-0.50, 4.00]
initial_evaluation: success - initial guess at point [-0.60,14.00]
initial_evaluation: success - initial guess at point [-0.60,13.00]
initial_evaluation: success - initial guess at point [-0.60,12.00]
initial_evaluation: success - initial guess at point [-0.60,11.00]
initial_evaluation: success - initial guess at point [-0.60,10.00]
initial_evaluation: success - initial guess at point [-0.60, 9.00]
initial_evaluation: success - initial guess at point [-0.60, 8.00]
initial_evaluation: success - initial guess at point [-0.60, 7.00]
initial_evaluation: success - initial guess at point [-0.60, 6.00]
initial_evaluation: success - initial guess at point [-0.60, 5.00]
initial_evaluation: success - initial guess at point [-0.60, 4.00]
initial_evaluation: success - initial guess at point [-0.70,14.00]
initial_evaluation: success - initial guess at point [-0.70,13.00]
initial_evaluation: success - initial guess at point [-0.70,12.00]
initial_evaluation: success - initial guess at point [-0.70,11.00]
initial_evaluation: success - initial guess at point [-0.70,10.00]
initial_evaluation: success - initial guess at point [-0.70, 9.00]
initial_evaluation: success - initial guess at point [-0.70, 8.00]
initial_evaluation: success - initial guess at point [-0.70, 7.00]
initial_evaluation: success - initial guess at point [-0.70, 6.00]
initial_evaluation: success - initial guess at point [-0.70, 5.00]
initial_evaluation: success - initial guess at point [-0.70, 4.00]
initial_evaluation: success - initial guess at point [-0.80,14.00]
initial_evaluation: success - initial guess at point [-0.80,13.00]
initial_evaluation: success - initial guess at point [-0.80,12.00]
initial_evaluation: success - initial guess at point [-0.80,11.00]
initial_evaluation: success - initial guess at point [-0.80,10.00]
initial_evaluation: success - initial guess at point [-0.80, 9.00]
initial_evaluation: success - initial guess at point [-0.80, 8.00]
initial_evaluation: success - initial guess at point [-0.80, 7.00]
initial_evaluation: success - initial guess at point [-0.80, 6.00]
initial_evaluation: success - initial guess at point [-0.80, 5.00]
initial_evaluation: success - initial guess at point [-0.80, 4.00]
initial_evaluation: success - initial guess at point [-0.90,14.00]
initial_evaluation: success - initial guess at point [-0.90,13.00]
initial_evaluation: success - initial guess at point [-0.90,12.00]
initial_evaluation: success - initial guess at point [-0.90,11.00]
initial_evaluation: success - initial guess at point [-0.90,10.00]
initial_evaluation: success - initial guess at point [-0.90, 9.00]
initial_evaluation: success - initial guess at point [-0.90, 8.00]
initial_evaluation: success - initial guess at point [-0.90, 7.00]
initial_evaluation: success - initial guess at point [-0.90, 6.00]
initial_evaluation: success - initial guess at point [-0.90, 5.00]
initial_evaluation: success - initial guess at point [-0.90, 4.00]
initial_evaluation: success - initial guess at point [-1.00,14.00]
initial_evaluation: success - initial guess at point [-1.00,13.00]
initial_evaluation: success - initial guess at point [-1.00,12.00]
initial_evaluation: success - initial guess at point [-1.00,11.00]
initial_evaluation: success - initial guess at point [-1.00,10.00]
initial_evaluation: success - initial guess at point [-1.00, 9.00]
initial_evaluation: success - initial guess at point [-1.00, 8.00]
initial_evaluation: success - initial guess at point [-1.00, 7.00]
initial_evaluation: success - initial guess at point [-1.00, 6.00]
initial_evaluation: success - initial guess at point [-1.00, 5.00]
initial_evaluation: success - initial guess at point [-1.00, 4.00]
initial_evaluation: success - initial guess at point [-1.10,14.00]
initial_evaluation: success - initial guess at point [-1.10,13.00]
initial_evaluation: success - initial guess at point [-1.10,12.00]
initial_evaluation: success - initial guess at point [-1.10,11.00]
initial_evaluation: success - initial guess at point [-1.10,10.00]
initial_evaluation: success - initial guess at point [-1.10, 9.00]
initial_evaluation: success - initial guess at point [-1.10, 8.00]
initial_evaluation: success - initial guess at point [-1.10, 7.00]
initial_evaluation: success - initial guess at point [-1.10, 6.00]
initial_evaluation: success - initial guess at point [-1.10, 5.00]
initial_evaluation: success - initial guess at point [-1.10, 4.00]
initial_evaluation: success - initial guess at point [-1.20,14.00]
initial_evaluation: success - initial guess at point [-1.20,13.00]
initial_evaluation: success - initial guess at point [-1.20,12.00]
initial_evaluation: success - initial guess at point [-1.20,11.00]
initial_evaluation: success - initial guess at point [-1.20,10.00]
initial_evaluation: success - initial guess at point [-1.20, 9.00]
initial_evaluation: success - initial guess at point [-1.20, 8.00]
initial_evaluation: success - initial guess at point [-1.20, 7.00]
initial_evaluation: success - initial guess at point [-1.20, 6.00]
initial_evaluation: success - initial guess at point [-1.20, 5.00]
initial_evaluation: success - initial guess at point [-1.20, 4.00]
initial_evaluation: success - initial guess at point [-1.30,14.00]
initial_evaluation: success - initial guess at point [-1.30,13.00]
initial_evaluation: success - initial guess at point [-1.30,12.00]
initial_evaluation: success - initial guess at point [-1.30,11.00]
initial_evaluation: success - initial guess at point [-1.30,10.00]
initial_evaluation: success - initial guess at point [-1.30, 9.00]
initial_evaluation: success - initial guess at point [-1.30, 8.00]
initial_evaluation: success - initial guess at point [-1.30, 7.00]
initial_evaluation: success - initial guess at point [-1.30, 6.00]
initial_evaluation: success - initial guess at point [-1.30, 5.00]
initial_evaluation: success - initial guess at point [-1.30, 4.00]
initial_evaluation: success - initial guess at point [-1.40,14.00]
initial_evaluation: success - initial guess at point [-1.40,13.00]
initial_evaluation: success - initial guess at point [-1.40,12.00]
initial_evaluation: success - initial guess at point [-1.40,11.00]
initial_evaluation: success - initial guess at point [-1.40,10.00]
initial_evaluation: success - initial guess at point [-1.40, 9.00]
initial_evaluation: success - initial guess at point [-1.40, 8.00]
initial_evaluation: success - initial guess at point [-1.40, 7.00]
initial_evaluation: success - initial guess at point [-1.40, 6.00]
initial_evaluation: success - initial guess at point [-1.40, 5.00]
initial_evaluation: success - initial guess at point [-1.40, 4.00]
initial_evaluation: success - initial guess at point [-1.50,14.00]
initial_evaluation: success - initial guess at point [-1.50,13.00]
initial_evaluation: success - initial guess at point [-1.50,12.00]
initial_evaluation: success - initial guess at point [-1.50,11.00]
initial_evaluation: success - initial guess at point [-1.50,10.00]
initial_evaluation: success - initial guess at point [-1.50, 9.00]
initial_evaluation: success - initial guess at point [-1.50, 8.00]
initial_evaluation: success - initial guess at point [-1.50, 7.00]
initial_evaluation: success - initial guess at point [-1.50, 6.00]
initial_evaluation: success - initial guess at point [-1.50, 5.00]
initial_evaluation: success - initial guess at point [-1.50, 4.00]
initial_evaluation: success - initial guess at point [-1.60,14.00]
initial_evaluation: success - initial guess at point [-1.60,13.00]
initial_evaluation: success - initial guess at point [-1.60,12.00]
initial_evaluation: success - initial guess at point [-1.60,11.00]
initial_evaluation: success - initial guess at point [-1.60,10.00]
initial_evaluation: success - initial guess at point [-1.60, 9.00]
initial_evaluation: success - initial guess at point [-1.60, 8.00]
initial_evaluation: success - initial guess at point [-1.60, 7.00]
initial_evaluation: success - initial guess at point [-1.60, 6.00]
initial_evaluation: success - initial guess at point [-1.60, 5.00]
initial_evaluation: success - initial guess at point [-1.60, 4.00]
initial_evaluation: success - initial guess at point [-1.70,14.00]
initial_evaluation: success - initial guess at point [-1.70,13.00]
initial_evaluation: success - initial guess at point [-1.70,12.00]
initial_evaluation: success - initial guess at point [-1.70,11.00]
initial_evaluation: success - initial guess at point [-1.70,10.00]
initial_evaluation: success - initial guess at point [-1.70, 9.00]
initial_evaluation: success - initial guess at point [-1.70, 8.00]
initial_evaluation: success - initial guess at point [-1.70, 7.00]
initial_evaluation: success - initial guess at point [-1.70, 6.00]
initial_evaluation: success - initial guess at point [-1.70, 5.00]
initial_evaluation: success - initial guess at point [-1.70, 4.00]
mapper_iteration_0: status - 0 points do not have valid solution.
initial_evaluation: success - initial guess at point [-0.40,14.00]
initial_evaluation: success - initial guess at point [-0.40,13.00]
initial_evaluation: success - initial guess at point [-0.40,12.00]
initial_evaluation: success - initial guess at point [-0.40,11.00]
initial_evaluation: success - initial guess at point [-0.40,10.00]
initial_evaluation: success - initial guess at point [-0.40, 9.00]
initial_evaluation: success - initial guess at point [-0.40, 8.00]
initial_evaluation: success - initial guess at point [-0.40, 7.00]
initial_evaluation: success - initial guess at point [-0.40, 6.00]
initial_evaluation: success - initial guess at point [-0.40, 5.00]
initial_evaluation: success - initial guess at point [-0.40, 4.00]
initial_evaluation: success - initial guess at point [-0.50,14.00]
initial_evaluation: success - initial guess at point [-0.50,13.00]
initial_evaluation: success - initial guess at point [-0.50,12.00]
initial_evaluation: success - initial guess at point [-0.50,11.00]
initial_evaluation: success - initial guess at point [-0.50,10.00]
initial_evaluation: success - initial guess at point [-0.50, 9.00]
initial_evaluation: success - initial guess at point [-0.50, 8.00]
initial_evaluation: success - initial guess at point [-0.50, 7.00]
initial_evaluation: success - initial guess at point [-0.50, 6.00]
initial_evaluation: success - initial guess at point [-0.50, 5.00]
initial_evaluation: success - initial guess at point [-0.50, 4.00]
initial_evaluation: success - initial guess at point [-0.60,14.00]
initial_evaluation: success - initial guess at point [-0.60,13.00]
initial_evaluation: success - initial guess at point [-0.60,12.00]
initial_evaluation: success - initial guess at point [-0.60,11.00]
initial_evaluation: success - initial guess at point [-0.60,10.00]
initial_evaluation: success - initial guess at point [-0.60, 9.00]
initial_evaluation: success - initial guess at point [-0.60, 8.00]
initial_evaluation: success - initial guess at point [-0.60, 7.00]
initial_evaluation: success - initial guess at point [-0.60, 6.00]
initial_evaluation: success - initial guess at point [-0.60, 5.00]
initial_evaluation: success - initial guess at point [-0.60, 4.00]
initial_evaluation: success - initial guess at point [-0.70,14.00]
initial_evaluation: success - initial guess at point [-0.70,13.00]
initial_evaluation: success - initial guess at point [-0.70,12.00]
initial_evaluation: success - initial guess at point [-0.70,11.00]
initial_evaluation: success - initial guess at point [-0.70,10.00]
initial_evaluation: success - initial guess at point [-0.70, 9.00]
initial_evaluation: success - initial guess at point [-0.70, 8.00]
initial_evaluation: success - initial guess at point [-0.70, 7.00]
initial_evaluation: success - initial guess at point [-0.70, 6.00]
initial_evaluation: success - initial guess at point [-0.70, 5.00]
initial_evaluation: success - initial guess at point [-0.70, 4.00]
initial_evaluation: success - initial guess at point [-0.80,14.00]
initial_evaluation: success - initial guess at point [-0.80,13.00]
initial_evaluation: success - initial guess at point [-0.80,12.00]
initial_evaluation: success - initial guess at point [-0.80,11.00]
initial_evaluation: success - initial guess at point [-0.80,10.00]
initial_evaluation: success - initial guess at point [-0.80, 9.00]
initial_evaluation: success - initial guess at point [-0.80, 8.00]
initial_evaluation: success - initial guess at point [-0.80, 7.00]
initial_evaluation: success - initial guess at point [-0.80, 6.00]
initial_evaluation: success - initial guess at point [-0.80, 5.00]
initial_evaluation: success - initial guess at point [-0.80, 4.00]
initial_evaluation: success - initial guess at point [-0.90,14.00]
initial_evaluation: success - initial guess at point [-0.90,13.00]
initial_evaluation: success - initial guess at point [-0.90,12.00]
initial_evaluation: success - initial guess at point [-0.90,11.00]
initial_evaluation: success - initial guess at point [-0.90,10.00]
initial_evaluation: success - initial guess at point [-0.90, 9.00]
initial_evaluation: success - initial guess at point [-0.90, 8.00]
initial_evaluation: success - initial guess at point [-0.90, 7.00]
initial_evaluation: success - initial guess at point [-0.90, 6.00]
initial_evaluation: success - initial guess at point [-0.90, 5.00]
initial_evaluation: success - initial guess at point [-0.90, 4.00]
initial_evaluation: success - initial guess at point [-1.00,14.00]
initial_evaluation: success - initial guess at point [-1.00,13.00]
initial_evaluation: success - initial guess at point [-1.00,12.00]
initial_evaluation: success - initial guess at point [-1.00,11.00]
initial_evaluation: success - initial guess at point [-1.00,10.00]
initial_evaluation: success - initial guess at point [-1.00, 9.00]
initial_evaluation: success - initial guess at point [-1.00, 8.00]
initial_evaluation: success - initial guess at point [-1.00, 7.00]
initial_evaluation: success - initial guess at point [-1.00, 6.00]
initial_evaluation: success - initial guess at point [-1.00, 5.00]
initial_evaluation: success - initial guess at point [-1.00, 4.00]
initial_evaluation: success - initial guess at point [-1.10,14.00]
initial_evaluation: success - initial guess at point [-1.10,13.00]
initial_evaluation: success - initial guess at point [-1.10,12.00]
initial_evaluation: success - initial guess at point [-1.10,11.00]
initial_evaluation: success - initial guess at point [-1.10,10.00]
initial_evaluation: success - initial guess at point [-1.10, 9.00]
initial_evaluation: success - initial guess at point [-1.10, 8.00]
initial_evaluation: success - initial guess at point [-1.10, 7.00]
initial_evaluation: success - initial guess at point [-1.10, 6.00]
initial_evaluation: success - initial guess at point [-1.10, 5.00]
initial_evaluation: success - initial guess at point [-1.10, 4.00]
initial_evaluation: success - initial guess at point [-1.20,14.00]
initial_evaluation: success - initial guess at point [-1.20,13.00]
initial_evaluation: success - initial guess at point [-1.20,12.00]
initial_evaluation: success - initial guess at point [-1.20,11.00]
initial_evaluation: success - initial guess at point [-1.20,10.00]
initial_evaluation: success - initial guess at point [-1.20, 9.00]
initial_evaluation: success - initial guess at point [-1.20, 8.00]
initial_evaluation: success - initial guess at point [-1.20, 7.00]
initial_evaluation: success - initial guess at point [-1.20, 6.00]
initial_evaluation: success - initial guess at point [-1.20, 5.00]
initial_evaluation: success - initial guess at point [-1.20, 4.00]
initial_evaluation: success - initial guess at point [-1.30,14.00]
initial_evaluation: success - initial guess at point [-1.30,13.00]
initial_evaluation: success - initial guess at point [-1.30,12.00]
initial_evaluation: success - initial guess at point [-1.30,11.00]
initial_evaluation: success - initial guess at point [-1.30,10.00]
initial_evaluation: success - initial guess at point [-1.30, 9.00]
initial_evaluation: success - initial guess at point [-1.30, 8.00]
initial_evaluation: success - initial guess at point [-1.30, 7.00]
initial_evaluation: success - initial guess at point [-1.30, 6.00]
initial_evaluation: success - initial guess at point [-1.30, 5.00]
initial_evaluation: success - initial guess at point [-1.30, 4.00]
initial_evaluation: success - initial guess at point [-1.40,14.00]
initial_evaluation: success - initial guess at point [-1.40,13.00]
initial_evaluation: success - initial guess at point [-1.40,12.00]
initial_evaluation: success - initial guess at point [-1.40,11.00]
initial_evaluation: success - initial guess at point [-1.40,10.00]
initial_evaluation: success - initial guess at point [-1.40, 9.00]
initial_evaluation: success - initial guess at point [-1.40, 8.00]
initial_evaluation: success - initial guess at point [-1.40, 7.00]
initial_evaluation: success - initial guess at point [-1.40, 6.00]
initial_evaluation: success - initial guess at point [-1.40, 5.00]
initial_evaluation: success - initial guess at point [-1.40, 4.00]
initial_evaluation: success - initial guess at point [-1.50,14.00]
initial_evaluation: success - initial guess at point [-1.50,13.00]
initial_evaluation: success - initial guess at point [-1.50,12.00]
initial_evaluation: success - initial guess at point [-1.50,11.00]
initial_evaluation: success - initial guess at point [-1.50,10.00]
initial_evaluation: success - initial guess at point [-1.50, 9.00]
initial_evaluation: success - initial guess at point [-1.50, 8.00]
initial_evaluation: success - initial guess at point [-1.50, 7.00]
initial_evaluation: success - initial guess at point [-1.50, 6.00]
initial_evaluation: success - initial guess at point [-1.50, 5.00]
initial_evaluation: success - initial guess at point [-1.50, 4.00]
initial_evaluation: success - initial guess at point [-1.60,14.00]
initial_evaluation: success - initial guess at point [-1.60,13.00]
initial_evaluation: success - initial guess at point [-1.60,12.00]
initial_evaluation: success - initial guess at point [-1.60,11.00]
initial_evaluation: success - initial guess at point [-1.60,10.00]
initial_evaluation: success - initial guess at point [-1.60, 9.00]
initial_evaluation: success - initial guess at point [-1.60, 8.00]
initial_evaluation: success - initial guess at point [-1.60, 7.00]
initial_evaluation: success - initial guess at point [-1.60, 6.00]
initial_evaluation: success - initial guess at point [-1.60, 5.00]
initial_evaluation: success - initial guess at point [-1.60, 4.00]
initial_evaluation: success - initial guess at point [-1.70,14.00]
initial_evaluation: success - initial guess at point [-1.70,13.00]
initial_evaluation: success - initial guess at point [-1.70,12.00]
initial_evaluation: success - initial guess at point [-1.70,11.00]
initial_evaluation: success - initial guess at point [-1.70,10.00]
initial_evaluation: success - initial guess at point [-1.70, 9.00]
initial_evaluation: success - initial guess at point [-1.70, 8.00]
initial_evaluation: success - initial guess at point [-1.70, 7.00]
initial_evaluation: success - initial guess at point [-1.70, 6.00]
initial_evaluation: success - initial guess at point [-1.70, 5.00]
initial_evaluation: success - initial guess at point [-1.70, 4.00]
mapper_iteration_0: status - 0 points do not have valid solution."""